[0.766s] DEBUG:colcon:Command line arguments: ['/usr/bin/colcon', 'build']
[0.766s] DEBUG:colcon:Parsed command line arguments: Namespace(log_base=None, log_level=None, verb_name='build', build_base='build', install_base='install', merge_install=False, symlink_install=False, test_result_base=None, continue_on_error=False, executor='parallel', parallel_workers=8, event_handlers=None, ignore_user_meta=False, metas=['./colcon.meta'], base_paths=['.'], packages_ignore=None, packages_ignore_regex=None, paths=None, packages_up_to=None, packages_up_to_regex=None, packages_above=None, packages_above_and_dependencies=None, packages_above_depth=None, packages_select_by_dep=None, packages_skip_by_dep=None, packages_skip_up_to=None, packages_select_build_failed=False, packages_skip_build_finished=False, packages_select_test_failures=False, packages_skip_test_passed=False, packages_select=None, packages_skip=None, packages_select_regex=None, packages_skip_regex=None, packages_start=None, packages_end=None, allow_overriding=[], cmake_args=None, cmake_target=None, cmake_target_skip_unavailable=False, cmake_clean_cache=False, cmake_clean_first=False, cmake_force_configure=False, ament_cmake_args=None, catkin_cmake_args=None, catkin_skip_building_tests=False, verb_parser=<colcon_defaults.argument_parser.defaults.DefaultArgumentsDecorator object at 0x7f137a14e050>, verb_extension=<colcon_core.verb.build.BuildVerb object at 0x7f137aaad450>, main=<bound method BuildVerb.main of <colcon_core.verb.build.BuildVerb object at 0x7f137aaad450>>)
[0.816s] Level 1:colcon.colcon_core.package_discovery:discover_packages(colcon_meta) check parameters
[0.817s] Level 1:colcon.colcon_core.package_discovery:discover_packages(recursive) check parameters
[0.817s] Level 1:colcon.colcon_core.package_discovery:discover_packages(ignore) check parameters
[0.817s] Level 1:colcon.colcon_core.package_discovery:discover_packages(path) check parameters
[0.817s] Level 1:colcon.colcon_core.package_discovery:discover_packages(colcon_meta) discover
[0.817s] Level 1:colcon.colcon_core.package_discovery:discover_packages(recursive) discover
[0.817s] INFO:colcon.colcon_core.package_discovery:Crawling recursively for packages in '/home/takuma/ros2_ws/src/mypkg'
[0.817s] Level 1:colcon.colcon_core.package_identification:_identify(.) by extensions ['ignore', 'ignore_ament_install']
[0.817s] Level 1:colcon.colcon_core.package_identification:_identify(.) by extension 'ignore'
[0.817s] Level 1:colcon.colcon_core.package_identification:_identify(.) by extension 'ignore_ament_install'
[0.817s] Level 1:colcon.colcon_core.package_identification:_identify(.) by extensions ['colcon_pkg']
[0.817s] Level 1:colcon.colcon_core.package_identification:_identify(.) by extension 'colcon_pkg'
[0.817s] Level 1:colcon.colcon_core.package_identification:_identify(.) by extensions ['colcon_meta']
[0.817s] Level 1:colcon.colcon_core.package_identification:_identify(.) by extension 'colcon_meta'
[0.817s] Level 1:colcon.colcon_core.package_identification:_identify(.) by extensions ['ros']
[0.817s] Level 1:colcon.colcon_core.package_identification:_identify(.) by extension 'ros'
[0.836s] DEBUG:colcon.colcon_core.package_identification:Package '.' with type 'ros.ament_python' and name 'mypkg'
[0.837s] Level 1:colcon.colcon_core.package_discovery:discover_packages(recursive) using defaults
[0.837s] Level 1:colcon.colcon_core.package_discovery:discover_packages(ignore) discover
[0.837s] Level 1:colcon.colcon_core.package_discovery:discover_packages(ignore) using defaults
[0.837s] Level 1:colcon.colcon_core.package_discovery:discover_packages(path) discover
[0.837s] Level 1:colcon.colcon_core.package_discovery:discover_packages(path) using defaults
[0.890s] Level 1:colcon.colcon_core.package_discovery:discover_packages(prefix_path) check parameters
[0.890s] Level 1:colcon.colcon_core.package_discovery:discover_packages(prefix_path) discover
[0.892s] Level 1:colcon.colcon_core.package_discovery:discover_packages(prefix_path) using defaults
[0.895s] Level 5:colcon.colcon_core.verb:set package 'mypkg' build argument 'cmake_args' from command line to 'None'
[0.895s] Level 5:colcon.colcon_core.verb:set package 'mypkg' build argument 'cmake_target' from command line to 'None'
[0.895s] Level 5:colcon.colcon_core.verb:set package 'mypkg' build argument 'cmake_target_skip_unavailable' from command line to 'False'
[0.895s] Level 5:colcon.colcon_core.verb:set package 'mypkg' build argument 'cmake_clean_cache' from command line to 'False'
[0.895s] Level 5:colcon.colcon_core.verb:set package 'mypkg' build argument 'cmake_clean_first' from command line to 'False'
[0.895s] Level 5:colcon.colcon_core.verb:set package 'mypkg' build argument 'cmake_force_configure' from command line to 'False'
[0.895s] Level 5:colcon.colcon_core.verb:set package 'mypkg' build argument 'ament_cmake_args' from command line to 'None'
[0.895s] Level 5:colcon.colcon_core.verb:set package 'mypkg' build argument 'catkin_cmake_args' from command line to 'None'
[0.895s] Level 5:colcon.colcon_core.verb:set package 'mypkg' build argument 'catkin_skip_building_tests' from command line to 'False'
[0.896s] DEBUG:colcon.colcon_core.verb:Building package 'mypkg' with the following arguments: {'ament_cmake_args': None, 'build_base': '/home/takuma/ros2_ws/src/mypkg/build/mypkg', 'catkin_cmake_args': None, 'catkin_skip_building_tests': False, 'cmake_args': None, 'cmake_clean_cache': False, 'cmake_clean_first': False, 'cmake_force_configure': False, 'cmake_target': None, 'cmake_target_skip_unavailable': False, 'install_base': '/home/takuma/ros2_ws/src/mypkg/install/mypkg', 'merge_install': False, 'path': '/home/takuma/ros2_ws/src/mypkg', 'symlink_install': False, 'test_result_base': None}
[0.897s] INFO:colcon.colcon_core.executor:Executing jobs using 'parallel' executor
[0.903s] DEBUG:colcon.colcon_parallel_executor.executor.parallel:run_until_complete
[0.904s] INFO:colcon.colcon_ros.task.ament_python.build:Building ROS package in '/home/takuma/ros2_ws/src/mypkg' with build type 'ament_python'
[0.904s] Level 1:colcon.colcon_core.shell:create_environment_hook('mypkg', 'ament_prefix_path')
[0.913s] INFO:colcon.colcon_core.plugin_system:Skipping extension 'colcon_core.shell.bat': Not used on non-Windows systems
[0.913s] INFO:colcon.colcon_core.shell:Creating environment hook '/home/takuma/ros2_ws/src/mypkg/install/mypkg/share/mypkg/hook/ament_prefix_path.ps1'
[0.915s] INFO:colcon.colcon_core.shell:Creating environment descriptor '/home/takuma/ros2_ws/src/mypkg/install/mypkg/share/mypkg/hook/ament_prefix_path.dsv'
[0.915s] INFO:colcon.colcon_core.shell:Creating environment hook '/home/takuma/ros2_ws/src/mypkg/install/mypkg/share/mypkg/hook/ament_prefix_path.sh'
[0.917s] INFO:colcon.colcon_core.shell:Skip shell extension 'powershell' for command environment: Not usable outside of PowerShell
[0.917s] DEBUG:colcon.colcon_core.shell:Skip shell extension 'dsv' for command environment
[1.132s] INFO:colcon.colcon_core.task.python.build:Building Python package in '/home/takuma/ros2_ws/src/mypkg'
[1.136s] INFO:colcon.colcon_core.shell:Skip shell extension 'powershell' for command environment: Not usable outside of PowerShell
[1.136s] DEBUG:colcon.colcon_core.shell:Skip shell extension 'dsv' for command environment
[1.685s] DEBUG:colcon.colcon_core.event_handler.log_command:Invoking command in '/home/takuma/ros2_ws/src/mypkg': PYTHONPATH=/home/takuma/ros2_ws/src/mypkg/build/mypkg/prefix_override:/home/takuma/ros2_ws/src/mypkg/install/mypkg/lib/python3.10/site-packages: /usr/bin/python3 setup.py egg_info --egg-base build/mypkg build --build-base /home/takuma/ros2_ws/src/mypkg/build/mypkg/build install --record /home/takuma/ros2_ws/src/mypkg/build/mypkg/install.log --install-scripts $base/lib/mypkg --single-version-externally-managed
[2.007s] DEBUG:colcon.colcon_core.event_handler.log_command:Invoked command in '/home/takuma/ros2_ws/src/mypkg' returned '0': PYTHONPATH=/home/takuma/ros2_ws/src/mypkg/build/mypkg/prefix_override:/home/takuma/ros2_ws/src/mypkg/install/mypkg/lib/python3.10/site-packages: /usr/bin/python3 setup.py egg_info --egg-base build/mypkg build --build-base /home/takuma/ros2_ws/src/mypkg/build/mypkg/build install --record /home/takuma/ros2_ws/src/mypkg/build/mypkg/install.log --install-scripts $base/lib/mypkg --single-version-externally-managed
[2.024s] Level 1:colcon.colcon_core.environment:checking '/home/takuma/ros2_ws/src/mypkg/install/mypkg' for CMake module files
[2.025s] Level 1:colcon.colcon_core.environment:checking '/home/takuma/ros2_ws/src/mypkg/install/mypkg' for CMake config files
[2.026s] Level 1:colcon.colcon_core.environment:checking '/home/takuma/ros2_ws/src/mypkg/install/mypkg/lib'
[2.026s] Level 1:colcon.colcon_core.environment:checking '/home/takuma/ros2_ws/src/mypkg/install/mypkg/bin'
[2.026s] Level 1:colcon.colcon_core.environment:checking '/home/takuma/ros2_ws/src/mypkg/install/mypkg/lib/pkgconfig/mypkg.pc'
[2.026s] Level 1:colcon.colcon_core.environment:checking '/home/takuma/ros2_ws/src/mypkg/install/mypkg/lib/python3.10/site-packages'
[2.026s] Level 1:colcon.colcon_core.shell:create_environment_hook('mypkg', 'pythonpath')
[2.029s] INFO:colcon.colcon_core.shell:Creating environment hook '/home/takuma/ros2_ws/src/mypkg/install/mypkg/share/mypkg/hook/pythonpath.ps1'
[2.030s] INFO:colcon.colcon_core.shell:Creating environment descriptor '/home/takuma/ros2_ws/src/mypkg/install/mypkg/share/mypkg/hook/pythonpath.dsv'
[2.030s] INFO:colcon.colcon_core.shell:Creating environment hook '/home/takuma/ros2_ws/src/mypkg/install/mypkg/share/mypkg/hook/pythonpath.sh'
[2.031s] Level 1:colcon.colcon_core.environment:checking '/home/takuma/ros2_ws/src/mypkg/install/mypkg/bin'
[2.031s] Level 1:colcon.colcon_core.environment:create_environment_scripts_only(mypkg)
[2.034s] INFO:colcon.colcon_core.shell:Creating package script '/home/takuma/ros2_ws/src/mypkg/install/mypkg/share/mypkg/package.ps1'
[2.036s] INFO:colcon.colcon_core.shell:Creating package descriptor '/home/takuma/ros2_ws/src/mypkg/install/mypkg/share/mypkg/package.dsv'
[2.038s] INFO:colcon.colcon_core.shell:Creating package script '/home/takuma/ros2_ws/src/mypkg/install/mypkg/share/mypkg/package.sh'
[2.041s] INFO:colcon.colcon_core.shell:Creating package script '/home/takuma/ros2_ws/src/mypkg/install/mypkg/share/mypkg/package.bash'
[2.044s] INFO:colcon.colcon_core.shell:Creating package script '/home/takuma/ros2_ws/src/mypkg/install/mypkg/share/mypkg/package.zsh'
[2.047s] Level 1:colcon.colcon_core.environment:create_file_with_runtime_dependencies(/home/takuma/ros2_ws/src/mypkg/install/mypkg/share/colcon-core/packages/mypkg)
[2.048s] DEBUG:colcon.colcon_parallel_executor.executor.parallel:closing loop
[2.049s] DEBUG:colcon.colcon_parallel_executor.executor.parallel:loop closed
[2.049s] DEBUG:colcon.colcon_parallel_executor.executor.parallel:run_until_complete finished with '0'
[2.050s] DEBUG:colcon.colcon_core.event_reactor:joining thread
[2.173s] INFO:colcon.colcon_core.plugin_system:Skipping extension 'colcon_notification.desktop_notification.notify_send': Could not find 'notify-send'
[2.173s] INFO:colcon.colcon_core.plugin_system:Skipping extension 'colcon_notification.desktop_notification.terminal_notifier': Not used on non-Darwin systems
[2.173s] INFO:colcon.colcon_core.plugin_system:Skipping extension 'colcon_notification.desktop_notification.win32': Not used on non-Windows systems
[2.173s] INFO:colcon.colcon_notification.desktop_notification:Sending desktop notification using 'notify2'
[2.174s] DEBUG:colcon.colcon_notification.desktop_notification.notify2:Failed to initialize notify2: org.freedesktop.DBus.Error.NotSupported: Unable to autolaunch a dbus-daemon without a $DISPLAY for X11
[2.174s] DEBUG:colcon.colcon_core.event_reactor:joined thread
[2.177s] INFO:colcon.colcon_core.shell:Creating prefix script '/home/takuma/ros2_ws/src/mypkg/install/local_setup.ps1'
[2.180s] INFO:colcon.colcon_core.shell:Creating prefix util module '/home/takuma/ros2_ws/src/mypkg/install/_local_setup_util_ps1.py'
[2.184s] INFO:colcon.colcon_core.shell:Creating prefix chain script '/home/takuma/ros2_ws/src/mypkg/install/setup.ps1'
[2.186s] INFO:colcon.colcon_core.shell:Creating prefix script '/home/takuma/ros2_ws/src/mypkg/install/local_setup.sh'
[2.188s] INFO:colcon.colcon_core.shell:Creating prefix util module '/home/takuma/ros2_ws/src/mypkg/install/_local_setup_util_sh.py'
[2.189s] INFO:colcon.colcon_core.shell:Creating prefix chain script '/home/takuma/ros2_ws/src/mypkg/install/setup.sh'
[2.191s] INFO:colcon.colcon_core.shell:Creating prefix script '/home/takuma/ros2_ws/src/mypkg/install/local_setup.bash'
[2.192s] INFO:colcon.colcon_core.shell:Creating prefix chain script '/home/takuma/ros2_ws/src/mypkg/install/setup.bash'
[2.194s] INFO:colcon.colcon_core.shell:Creating prefix script '/home/takuma/ros2_ws/src/mypkg/install/local_setup.zsh'
[2.196s] INFO:colcon.colcon_core.shell:Creating prefix chain script '/home/takuma/ros2_ws/src/mypkg/install/setup.zsh'
